<?xml version="1.0" encoding="UTF-8"?>
<!-- Generated by org.testng.reporters.JUnitReportReporter -->
<testsuite hostname="LAPTOP-MQOGNGUE" failures="0" tests="2" name="com.orangehrm.testng.AnnotationsTest1" time="0.013" errors="0" timestamp="2023-11-09T01:28:50 IST" skipped="0">
  <testcase classname="com.orangehrm.testng.AnnotationsTest1" name="test1" time="0.004"/>
  <testcase classname="com.orangehrm.testng.AnnotationsTest1" name="test2" time="0.009"/>
</testsuite> <!-- com.orangehrm.testng.AnnotationsTest1 -->
