<?xml version="1.0" encoding="UTF-8"?>
<!-- Generated by org.testng.reporters.JUnitReportReporter -->
<testsuite hostname="LAPTOP-MQOGNGUE" failures="0" tests="1" name="com.orangehrm.testng.ValidationTest" time="0.039" errors="0" timestamp="2023-11-09T01:04:13 IST" skipped="0">
  <testcase classname="com.orangehrm.testng.ValidationTest" name="validation" time="0.039"/>
</testsuite> <!-- com.orangehrm.testng.ValidationTest -->
