<?xml version="1.0" encoding="UTF-8"?>
<!-- Generated by org.testng.reporters.JUnitReportReporter -->
<testsuite hostname="LAPTOP-MQOGNGUE" failures="0" tests="2" name="com.orangehrm.testng.ParameterizationTest" time="0.024" errors="0" timestamp="2023-11-09T01:21:59 IST" skipped="0">
  <testcase classname="com.orangehrm.testng.ParameterizationTest" name="parameters" time="0.005"/>
  <testcase classname="com.orangehrm.testng.ParameterizationTest" name="parameters" time="0.019"/>
</testsuite> <!-- com.orangehrm.testng.ParameterizationTest -->
