<?xml version="1.0" encoding="UTF-8"?>
<!-- Generated by org.testng.reporters.JUnitReportReporter -->
<testsuite hostname="LAPTOP-MQOGNGUE" failures="0" tests="2" name="com.orangehrm.testng.AnnotationsTest2" time="0.011" errors="0" timestamp="2023-11-09T01:28:50 IST" skipped="0">
  <testcase classname="com.orangehrm.testng.AnnotationsTest2" name="test2" time="0.005"/>
  <testcase classname="com.orangehrm.testng.AnnotationsTest2" name="test1" time="0.006"/>
</testsuite> <!-- com.orangehrm.testng.AnnotationsTest2 -->
