<?xml version="1.0" encoding="UTF-8"?>
<!-- Generated by org.testng.reporters.JUnitReportReporter -->
<testsuite hostname="LAPTOP-MQOGNGUE" failures="0" tests="1" name="com.orangehrm.testng.FirstTestNGTest" time="0.017" errors="0" timestamp="2023-11-09T01:28:50 IST" skipped="0">
  <testcase classname="com.orangehrm.testng.FirstTestNGTest" name="firsttest" time="0.017"/>
</testsuite> <!-- com.orangehrm.testng.FirstTestNGTest -->
