<?xml version="1.0" encoding="UTF-8"?>
<!-- Generated by org.testng.reporters.JUnitReportReporter -->
<testsuite hostname="LAPTOP-MQOGNGUE" failures="0" tests="4" name="com.orangehrm.testng.MultipleTestNGTest" time="0.020" errors="0" timestamp="2023-11-09T01:28:50 IST" skipped="0">
  <testcase classname="com.orangehrm.testng.MultipleTestNGTest" name="sub" time="0.006"/>
  <testcase classname="com.orangehrm.testng.MultipleTestNGTest" name="add" time="0.004"/>
  <testcase classname="com.orangehrm.testng.MultipleTestNGTest" name="mul" time="0.004"/>
  <testcase classname="com.orangehrm.testng.MultipleTestNGTest" name="div" time="0.006"/>
</testsuite> <!-- com.orangehrm.testng.MultipleTestNGTest -->
